2022-09-28 16:31:28,894 [INFO] Activator:177 - 


2022-09-28 16:31:28,895 [INFO] Activator:178 - !SESSION log4j initialized
2022-09-28 16:31:40,619 [INFO] McuFinderGlobals:44 - Set McuFinder mode to 2 (CubeIDE integrated)
2022-09-28 16:31:41,051 [INFO] ApplicationProperties:181 - Using Application install path: C:\ST\STM32CubeIDE_1.10.1\STM32CubeIDE\plugins\com.st.stm32cube.common.mx_6.6.1.202207061420
2022-09-28 16:31:41,067 [INFO] DbMcusXml:77 - Set database path to: C:\ST\STM32CubeIDE_1.10.1\STM32CubeIDE\plugins\com.st.stm32cube.common.mx_6.6.1.202207061420\\db\/mcu/
2022-09-28 16:31:41,068 [INFO] ApiDb:269 - Set plugin database path to: C:\ST\STM32CubeIDE_1.10.1\STM32CubeIDE\plugins\com.st.stm32cube.common.mx_6.6.1.202207061420\\db\/plugins/boardmanager/
2022-09-28 16:31:41,069 [WARN] ApiDb:254 - Overriding images path with different value:  => C:\ST\STM32CubeIDE_1.10.1\STM32CubeIDE\plugins\com.st.stm32cube.common.mx_6.6.1.202207061420\\db\/plugins/mcufinder/images/
2022-09-28 16:31:41,085 [INFO] ApiDb:249 - Set database path to: C:\Users\Bao Quoc\.stmcufinder\plugins\mcufinder//mcu/
2022-09-28 16:31:41,086 [INFO] DbMcusAds:124 - Set database path to: C:\Users\Bao Quoc\.stmcufinder\plugins\mcufinder//mcu/
2022-09-28 16:31:41,842 [INFO] CrossReferenceDbSqlite:201 - Set database path to: C:\Users\Bao Quoc\.stmcufinder\plugins\mcufinder//mcu/cs/
2022-09-28 16:31:41,977 [INFO] RulesReader:61 - Compatibility file has been processed (282 Rules)
2022-09-28 16:31:42,059 [INFO] DbMcusXml:77 - Set database path to: C:\ST\STM32CubeIDE_1.10.1\STM32CubeIDE\plugins\com.st.stm32cube.common.mx_6.6.1.202207061420\\db\/mcu/
2022-09-28 16:31:42,060 [INFO] ApiDb:269 - Set plugin database path to: C:\ST\STM32CubeIDE_1.10.1\STM32CubeIDE\plugins\com.st.stm32cube.common.mx_6.6.1.202207061420\\db\/plugins/boardmanager/
2022-09-28 16:31:42,060 [INFO] ApiDb:256 - Set plugin images path to: C:\ST\STM32CubeIDE_1.10.1\STM32CubeIDE\plugins\com.st.stm32cube.common.mx_6.6.1.202207061420\\db\/plugins/mcufinder/images/
2022-09-28 16:31:42,061 [WARN] DbFile:40 - Overriding database path with different value: C:\Users\Bao Quoc\.stmcufinder\plugins\mcufinder/ => C:\Users\Bao Quoc\.stmcufinder\plugins\mcufinder
2022-09-28 16:31:42,061 [INFO] ApiDb:249 - Set database path to: C:\Users\Bao Quoc\.stmcufinder\plugins\mcufinder//mcu/
2022-09-28 16:31:42,061 [WARN] DbFile:40 - Overriding database path with different value: C:\Users\Bao Quoc\.stmcufinder\plugins\mcufinder/ => C:\Users\Bao Quoc\.stmcufinder\plugins\mcufinder
2022-09-28 16:31:42,061 [INFO] DbMcusAds:124 - Set database path to: C:\Users\Bao Quoc\.stmcufinder\plugins\mcufinder//mcu/
2022-09-28 16:31:42,062 [WARN] DbFile:40 - Overriding database path with different value: C:\Users\Bao Quoc\.stmcufinder\plugins\mcufinder/ => C:\Users\Bao Quoc\.stmcufinder\plugins\mcufinder
2022-09-28 16:31:42,062 [WARN] DbFile:40 - Overriding database path with different value: C:\Users\Bao Quoc\.stmcufinder\plugins\mcufinder/ => C:\Users\Bao Quoc\.stmcufinder\plugins\mcufinder
2022-09-28 16:31:42,839 [INFO] CrossReferenceDbSqlite:201 - Set database path to: C:\Users\Bao Quoc\.stmcufinder\plugins\mcufinder//mcu/cs/
2022-09-28 16:31:42,937 [INFO] MainPanel:242 - HeapMemory: 268435456
2022-09-28 16:31:43,026 [INFO] DbMcusXml:77 - Set database path to: C:\ST\STM32CubeIDE_1.10.1\STM32CubeIDE\plugins\com.st.stm32cube.common.mx_6.6.1.202207061420\\db\/mcu/
2022-09-28 16:31:43,026 [INFO] ApiDb:269 - Set plugin database path to: C:\ST\STM32CubeIDE_1.10.1\STM32CubeIDE\plugins\com.st.stm32cube.common.mx_6.6.1.202207061420\\db\/plugins/boardmanager/
2022-09-28 16:31:43,026 [INFO] ApiDb:256 - Set plugin images path to: C:\ST\STM32CubeIDE_1.10.1\STM32CubeIDE\plugins\com.st.stm32cube.common.mx_6.6.1.202207061420\\db\/plugins/mcufinder/images/
2022-09-28 16:31:43,027 [WARN] DbFile:40 - Overriding database path with different value: C:\Users\Bao Quoc\.stmcufinder\plugins\mcufinder/ => C:\Users\Bao Quoc\.stmcufinder\plugins\mcufinder
2022-09-28 16:31:43,027 [INFO] ApiDb:249 - Set database path to: C:\Users\Bao Quoc\.stmcufinder\plugins\mcufinder//mcu/
2022-09-28 16:31:43,027 [WARN] DbFile:40 - Overriding database path with different value: C:\Users\Bao Quoc\.stmcufinder\plugins\mcufinder/ => C:\Users\Bao Quoc\.stmcufinder\plugins\mcufinder
2022-09-28 16:31:43,028 [INFO] DbMcusAds:124 - Set database path to: C:\Users\Bao Quoc\.stmcufinder\plugins\mcufinder//mcu/
2022-09-28 16:31:43,028 [WARN] DbFile:40 - Overriding database path with different value: C:\Users\Bao Quoc\.stmcufinder\plugins\mcufinder/ => C:\Users\Bao Quoc\.stmcufinder\plugins\mcufinder
2022-09-28 16:31:43,028 [WARN] DbFile:40 - Overriding database path with different value: C:\Users\Bao Quoc\.stmcufinder\plugins\mcufinder/ => C:\Users\Bao Quoc\.stmcufinder\plugins\mcufinder
2022-09-28 16:31:43,838 [INFO] CrossReferenceDbSqlite:201 - Set database path to: C:\Users\Bao Quoc\.stmcufinder\plugins\mcufinder//mcu/cs/
2022-09-28 16:31:43,878 [INFO] ApplicationProperties:181 - Using Application install path: C:\ST\STM32CubeIDE_1.10.1\STM32CubeIDE\plugins\com.st.stm32cube.common.mx_6.6.1.202207061420
2022-09-28 16:31:43,879 [INFO] PluginManage:193 - Search for loadable plugins [exclusion list=, ]
2022-09-28 16:31:43,881 [INFO] PluginManage:307 - Check plugin analytics
2022-09-28 16:31:44,907 [INFO] AnalyticsPlugin:262 - Accepted Software Licenses: 
2022-09-28 16:31:44,907 [INFO] AnalyticsPlugin:264 - Accepted CMSIS Pack Licenses: 
2022-09-28 16:31:44,908 [INFO] AnalyticsPlugin:266 - Accepted Firmware Licenses: 
2022-09-28 16:31:44,913 [INFO] PluginManage:356 - Loaded plugin analytics (category:tool,tabindex:-1)
2022-09-28 16:31:44,914 [INFO] PluginManage:307 - Check plugin cadmodel
2022-09-28 16:31:44,924 [INFO] CADModel:65 - Init CAD model plugin
2022-09-28 16:31:44,924 [INFO] PluginManage:356 - Loaded plugin cadmodel (category:power,tabindex:5)
2022-09-28 16:31:44,924 [INFO] PluginManage:307 - Check plugin clock
2022-09-28 16:31:44,941 [INFO] PluginManage:356 - Loaded plugin clock (category:base,tabindex:2)
2022-09-28 16:31:44,941 [INFO] PluginManage:307 - Check plugin ddr
2022-09-28 16:31:44,943 [INFO] PluginManage:356 - Loaded plugin ddr (category:tool,tabindex:6)
2022-09-28 16:31:44,943 [INFO] PluginManage:307 - Check plugin filemanager
2022-09-28 16:31:45,098 [INFO] PluginManage:356 - Loaded plugin filemanager (category:base,tabindex:10)
2022-09-28 16:31:45,098 [INFO] PluginManage:307 - Check plugin ipmanager
2022-09-28 16:31:45,116 [INFO] PluginManage:356 - Loaded plugin ipmanager (category:base,tabindex:5)
2022-09-28 16:31:45,116 [INFO] PluginManage:307 - Check plugin lpbam
2022-09-28 16:31:45,130 [INFO] PluginManage:356 - Loaded plugin lpbam (category:base,tabindex:0)
2022-09-28 16:31:45,130 [INFO] PluginManage:307 - Check plugin pinoutandconfiguration
2022-09-28 16:31:45,146 [INFO] PluginManage:356 - Loaded plugin pinoutandconfiguration (category:base,tabindex:1)
2022-09-28 16:31:45,146 [INFO] PluginManage:307 - Check plugin pinoutconfig
2022-09-28 16:31:45,178 [INFO] PluginManage:356 - Loaded plugin pinoutconfig (category:base,tabindex:0)
2022-09-28 16:31:45,178 [INFO] PluginManage:307 - Check plugin power
2022-09-28 16:31:45,194 [INFO] PluginManage:356 - Loaded plugin power (category:power,tabindex:4)
2022-09-28 16:31:45,194 [INFO] PluginManage:307 - Check plugin projectmanager
2022-09-28 16:31:45,208 [INFO] PluginManage:356 - Loaded plugin projectmanager (category:projectmanager,tabindex:3)
2022-09-28 16:31:45,209 [INFO] PluginManage:307 - Check plugin thirdparty
2022-09-28 16:31:45,435 [INFO] PluginManage:356 - Loaded plugin thirdparty (category:base,tabindex:-1)
2022-09-28 16:31:45,436 [WARN] IntegrityCheckThread:82 - waiting for thirdparty lock release [integrity check]
2022-09-28 16:31:45,436 [INFO] PluginManage:307 - Check plugin tools
2022-09-28 16:31:45,436 [INFO] IntegrityCheckThread:84 - entering critical section [integrity check]
2022-09-28 16:31:45,438 [INFO] ThirdPartyUpdaterWithRetryManager:70 - Updater plugin not ready yet. [1/15]
2022-09-28 16:31:45,457 [INFO] PluginManage:356 - Loaded plugin tools (category:base,tabindex:7)
2022-09-28 16:31:45,457 [INFO] PluginManage:307 - Check plugin tutovideos
2022-09-28 16:31:45,651 [INFO] PluginManage:356 - Loaded plugin tutovideos (category:base,tabindex:-1)
2022-09-28 16:31:45,652 [INFO] PluginManage:307 - Check plugin updater
2022-09-28 16:31:45,666 [INFO] PluginManage:356 - Loaded plugin updater (category:base,tabindex:12)
2022-09-28 16:31:45,667 [INFO] PluginManage:280 - PluginManage : Loaded plugins [15]
2022-09-28 16:31:45,889 [INFO] PinOutPanel:1468 - setPackage(No Configuration,No Configuration)
2022-09-28 16:31:45,957 [INFO] CADModel:98 - CPN selected for project level
2022-09-28 16:31:45,979 [INFO] IPUIPlugin:79 - create IPUIPlugin
2022-09-28 16:31:45,980 [INFO] PluginManager:217 - loadIPPluginJar : add adc
2022-09-28 16:31:46,007 [INFO] IPUIPlugin:79 - create IPUIPlugin
2022-09-28 16:31:46,008 [INFO] PluginManager:217 - loadIPPluginJar : add aes
2022-09-28 16:31:46,037 [INFO] IPUIPlugin:79 - create IPUIPlugin
2022-09-28 16:31:46,037 [INFO] PluginManager:217 - loadIPPluginJar : add can
2022-09-28 16:31:46,055 [INFO] IPUIPlugin:79 - create IPUIPlugin
2022-09-28 16:31:46,056 [INFO] PluginManager:217 - loadIPPluginJar : add comp
2022-09-28 16:31:46,083 [INFO] IPUIPlugin:79 - create IPUIPlugin
2022-09-28 16:31:46,083 [INFO] PluginManager:217 - loadIPPluginJar : add cryp
2022-09-28 16:31:46,108 [INFO] IPUIPlugin:79 - create IPUIPlugin
2022-09-28 16:31:46,108 [INFO] PluginManager:217 - loadIPPluginJar : add dfsdm
2022-09-28 16:31:46,122 [INFO] IPUIPlugin:79 - create IPUIPlugin
2022-09-28 16:31:46,122 [INFO] PluginManager:217 - loadIPPluginJar : add dma
2022-09-28 16:31:46,158 [INFO] IPUIPlugin:79 - create IPUIPlugin
2022-09-28 16:31:46,158 [INFO] PluginManager:217 - loadIPPluginJar : add dma3
2022-09-28 16:31:46,174 [INFO] IPUIPlugin:79 - create IPUIPlugin
2022-09-28 16:31:46,174 [INFO] PluginManager:217 - loadIPPluginJar : add fatfs
2022-09-28 16:31:46,212 [INFO] IPUIPlugin:79 - create IPUIPlugin
2022-09-28 16:31:46,213 [INFO] PluginManager:217 - loadIPPluginJar : add fmc
2022-09-28 16:31:46,228 [INFO] IPUIPlugin:79 - create IPUIPlugin
2022-09-28 16:31:46,228 [INFO] PluginManager:217 - loadIPPluginJar : add freertos
2022-09-28 16:31:46,244 [INFO] IPUIPlugin:79 - create IPUIPlugin
2022-09-28 16:31:46,244 [INFO] PluginManager:217 - loadIPPluginJar : add genericplugin
2022-09-28 16:31:46,312 [INFO] IPUIPlugin:79 - create IPUIPlugin
2022-09-28 16:31:46,313 [INFO] PluginManager:217 - loadIPPluginJar : add gfxmmu
2022-09-28 16:31:46,442 [INFO] IPUIPlugin:79 - create IPUIPlugin
2022-09-28 16:31:46,442 [INFO] PluginManager:217 - loadIPPluginJar : add gic
2022-09-28 16:31:46,461 [INFO] IPUIPlugin:79 - create IPUIPlugin
2022-09-28 16:31:46,461 [INFO] PluginManager:217 - loadIPPluginJar : add gpio
2022-09-28 16:31:46,559 [INFO] IPUIPlugin:79 - create IPUIPlugin
2022-09-28 16:31:46,559 [INFO] PluginManager:217 - loadIPPluginJar : add gtzc
2022-09-28 16:31:46,589 [INFO] IPUIPlugin:79 - create IPUIPlugin
2022-09-28 16:31:46,589 [INFO] PluginManager:217 - loadIPPluginJar : add hash
2022-09-28 16:31:46,644 [INFO] IPUIPlugin:79 - create IPUIPlugin
2022-09-28 16:31:46,645 [INFO] PluginManager:217 - loadIPPluginJar : add i2c
2022-09-28 16:31:46,678 [INFO] IPUIPlugin:79 - create IPUIPlugin
2022-09-28 16:31:46,678 [INFO] PluginManager:217 - loadIPPluginJar : add i2s
2022-09-28 16:31:46,779 [INFO] IPUIPlugin:79 - create IPUIPlugin
2022-09-28 16:31:46,779 [INFO] PluginManager:217 - loadIPPluginJar : add ipddr
2022-09-28 16:31:46,867 [INFO] IPUIPlugin:79 - create IPUIPlugin
2022-09-28 16:31:46,867 [INFO] PluginManager:217 - loadIPPluginJar : add linkedlist
2022-09-28 16:31:46,904 [INFO] IPUIPlugin:79 - create IPUIPlugin
2022-09-28 16:31:46,904 [INFO] PluginManager:217 - loadIPPluginJar : add lorawan
2022-09-28 16:31:46,963 [INFO] IPUIPlugin:79 - create IPUIPlugin
2022-09-28 16:31:46,964 [INFO] PluginManager:217 - loadIPPluginJar : add ltdc
2022-09-28 16:31:46,994 [INFO] IPUIPlugin:79 - create IPUIPlugin
2022-09-28 16:31:46,995 [INFO] PluginManager:217 - loadIPPluginJar : add mdma
2022-09-28 16:31:47,011 [INFO] IPUIPlugin:79 - create IPUIPlugin
2022-09-28 16:31:47,011 [INFO] PluginManager:217 - loadIPPluginJar : add nvic
2022-09-28 16:31:47,042 [INFO] IPUIPlugin:79 - create IPUIPlugin
2022-09-28 16:31:47,042 [INFO] PluginManager:217 - loadIPPluginJar : add opamp
2022-09-28 16:31:47,093 [INFO] IPUIPlugin:79 - create IPUIPlugin
2022-09-28 16:31:47,094 [INFO] PluginManager:217 - loadIPPluginJar : add openamp
2022-09-28 16:31:47,133 [INFO] IPUIPlugin:79 - create IPUIPlugin
2022-09-28 16:31:47,133 [INFO] PluginManager:217 - loadIPPluginJar : add pdm2pcm
2022-09-28 16:31:47,146 [INFO] IPUIPlugin:79 - create IPUIPlugin
2022-09-28 16:31:47,149 [INFO] PluginManager:217 - loadIPPluginJar : add plateformsettings
2022-09-28 16:31:47,165 [INFO] IPUIPlugin:79 - create IPUIPlugin
2022-09-28 16:31:47,165 [INFO] PluginManager:217 - loadIPPluginJar : add quadspi
2022-09-28 16:31:47,176 [INFO] IPUIPlugin:79 - create IPUIPlugin
2022-09-28 16:31:47,176 [INFO] PluginManager:217 - loadIPPluginJar : add resmgrutility
2022-09-28 16:31:47,216 [INFO] IPUIPlugin:79 - create IPUIPlugin
2022-09-28 16:31:47,216 [INFO] PluginManager:217 - loadIPPluginJar : add sai
2022-09-28 16:31:47,248 [INFO] IPUIPlugin:79 - create IPUIPlugin
2022-09-28 16:31:47,248 [INFO] PluginManager:217 - loadIPPluginJar : add spi
2022-09-28 16:31:47,301 [INFO] IPUIPlugin:79 - create IPUIPlugin
2022-09-28 16:31:47,301 [INFO] PluginManager:217 - loadIPPluginJar : add stm32_wpan
2022-09-28 16:31:47,331 [INFO] IPUIPlugin:79 - create IPUIPlugin
2022-09-28 16:31:47,331 [INFO] PluginManager:217 - loadIPPluginJar : add tim
2022-09-28 16:31:47,402 [INFO] IPUIPlugin:79 - create IPUIPlugin
2022-09-28 16:31:47,403 [INFO] PluginManager:217 - loadIPPluginJar : add touchsensing
2022-09-28 16:31:47,427 [INFO] IPUIPlugin:79 - create IPUIPlugin
2022-09-28 16:31:47,428 [INFO] PluginManager:217 - loadIPPluginJar : add tracer_emb
2022-09-28 16:31:47,450 [INFO] IPUIPlugin:79 - create IPUIPlugin
2022-09-28 16:31:47,450 [INFO] PluginManager:217 - loadIPPluginJar : add ts
2022-09-28 16:31:47,474 [INFO] IPUIPlugin:79 - create IPUIPlugin
2022-09-28 16:31:47,475 [INFO] PluginManager:217 - loadIPPluginJar : add tsc
2022-09-28 16:31:47,497 [INFO] IPUIPlugin:79 - create IPUIPlugin
2022-09-28 16:31:47,498 [INFO] PluginManager:217 - loadIPPluginJar : add ucpd
2022-09-28 16:31:47,536 [INFO] IPUIPlugin:79 - create IPUIPlugin
2022-09-28 16:31:47,536 [INFO] PluginManager:217 - loadIPPluginJar : add usart
2022-09-28 16:31:47,588 [INFO] IPUIPlugin:79 - create IPUIPlugin
2022-09-28 16:31:47,588 [INFO] PluginManager:217 - loadIPPluginJar : add usbx
2022-09-28 16:31:47,859 [FATAL] Updater:301 - Updater called before beeing initialized
2022-09-28 16:31:47,957 [FATAL] Updater:301 - Updater called before beeing initialized
2022-09-28 16:31:47,965 [INFO] DbMcusAds:52 - JSON generation date=Thu Sep 30 13:55:09 ICT 2021 (1632984909247)
2022-09-28 16:31:47,966 [FATAL] Updater:301 - Updater called before beeing initialized
2022-09-28 16:31:48,029 [WARN] DetailPanel:344 - Failed to get advertising image, set to default
2022-09-28 16:31:48,143 [FATAL] Updater:301 - Updater called before beeing initialized
2022-09-28 16:31:48,146 [FATAL] Updater:301 - Updater called before beeing initialized
2022-09-28 16:31:48,146 [FATAL] Updater:301 - Updater called before beeing initialized
2022-09-28 16:31:48,146 [WARN] DetailPanel:344 - Failed to get advertising image, set to default
2022-09-28 16:31:48,147 [FATAL] Updater:301 - Updater called before beeing initialized
2022-09-28 16:31:48,189 [ERROR] Updater:1105 - MainUpdater not yet initialized. External WinMGr cannot be set.
2022-09-28 16:31:48,198 [INFO] Updater:1041 - Updater Version found : 6.6.1
2022-09-28 16:31:48,216 [INFO] ApplicationProperties:181 - Using Application install path: C:\ST\STM32CubeIDE_1.10.1\STM32CubeIDE\plugins\com.st.stm32cube.common.mx_6.6.1.202207061420
2022-09-28 16:31:48,434 [INFO] MainUpdater:2768 - connection check result : 10
2022-09-28 16:31:48,434 [INFO] MainUpdater:3453 - Updater definition file requires update
2022-09-28 16:31:48,435 [INFO] MainUpdater:280 - Updater Check For Update Now.
2022-09-28 16:31:48,435 [INFO] MicroXplorer:481 - Change Database Version : DB.6.0.60
2022-09-28 16:31:48,444 [WARN] MainUpdater:1184 - Updater busy. Cannot search thirdparties
2022-09-28 16:31:48,444 [INFO] ThirdPartyUpdaterWithRetryManager:96 - Updater plugin is busy. [1/15]
2022-09-28 16:31:48,462 [INFO] ServerAccessManage:474 - Download File updaters.zip
2022-09-28 16:31:48,506 [INFO] FileExtend:239 - Unzip File : updaters.zip
2022-09-28 16:31:48,507 [INFO] FileExtend:254 - Standard Zip Deflate
2022-09-28 16:31:48,949 [INFO] ServerAccessManage:474 - Download File PacksControlFlags.xml
2022-09-28 16:31:49,022 [INFO] ServerAccessManage:474 - Download File cubemx.pidx
2022-09-28 16:31:49,164 [INFO] LoadServerUpdatesThread:367 - End of LoadServerUpdate Thread
2022-09-28 16:31:49,318 [INFO] CheckServerUpdateThread:119 - End of CheckServer Thread
2022-09-28 16:31:49,488 [INFO] MainUpdater:2768 - connection check result : 10
2022-09-28 16:31:49,529 [INFO] McuFinderGlobals:57 - Set McuFinderConnectedMode to true
2022-09-28 16:31:49,691 [INFO] ServerAccessManage:474 - Download File mcusAds.json._tmp_
2022-09-28 16:31:49,808 [INFO] LoadUrlFilesThread:150 - End of LoadUrlFiles Thread
2022-09-28 16:31:49,835 [INFO] ServerAccessManage:474 - Download File cube-finder-db.zip
2022-09-28 16:31:51,452 [WARN] MainUpdater:1184 - Updater busy. Cannot search thirdparties
2022-09-28 16:31:51,452 [INFO] ThirdPartyUpdaterWithRetryManager:96 - Updater plugin is busy. [2/15]
2022-09-28 16:31:52,498 [INFO] FileExtend:239 - Unzip File : cube-finder-db.zip
2022-09-28 16:31:52,498 [INFO] FileExtend:254 - Standard Zip Deflate
2022-09-28 16:31:53,089 [INFO] LoadUrlFilesThread:150 - End of LoadUrlFiles Thread
2022-09-28 16:31:53,432 [ERROR] LogOutputStream:74 - [STDERR_REDIRECT] SLF4J: Failed to load class "org.slf4j.impl.StaticLoggerBinder".
2022-09-28 16:31:53,433 [ERROR] LogOutputStream:74 - [STDERR_REDIRECT] SLF4J: Defaulting to no-operation (NOP) logger implementation
2022-09-28 16:31:53,434 [ERROR] LogOutputStream:74 - [STDERR_REDIRECT] SLF4J: See http://www.slf4j.org/codes.html#StaticLoggerBinder for further details.
2022-09-28 16:31:54,681 [WARN] PackLoader:242 - Cannot read IP mode file for STMicroelectronics.X-CUBE-GNSS1.6.0.0
2022-09-28 16:31:54,693 [WARN] PackLoader:242 - Cannot read IP mode file for STMicroelectronics.X-CUBE-BLE1.6.2.3
2022-09-28 16:31:54,708 [WARN] PackLoader:242 - Cannot read IP mode file for STMicroelectronics.X-CUBE-NFC4.2.0.4
2022-09-28 16:31:54,722 [WARN] PackLoader:242 - Cannot read IP mode file for STMicroelectronics.X-CUBE-NFC7.1.0.0
2022-09-28 16:31:54,736 [WARN] PackLoader:242 - Cannot read IP mode file for STMicroelectronics.X-CUBE-BLE2.3.3.0
2022-09-28 16:31:54,760 [WARN] PackLoader:242 - Cannot read IP mode file for STMicroelectronics.X-CUBE-DISPLAY.2.2.0
2022-09-28 16:31:54,812 [WARN] PackLoader:242 - Cannot read IP mode file for STMicroelectronics.X-CUBE-AZRTOS-H7.2.1.0
2022-09-28 16:31:54,837 [WARN] PackLoader:242 - Cannot read IP mode file for STMicroelectronics.X-CUBE-ALGOBUILD.1.3.0
2022-09-28 16:31:54,927 [WARN] PackLoader:242 - Cannot read IP mode file for STMicroelectronics.X-CUBE-SUBG2.5.0.0
2022-09-28 16:31:55,006 [WARN] PackLoader:242 - Cannot read IP mode file for STMicroelectronics.X-CUBE-AZRTOS-G4.1.0.0
2022-09-28 16:31:55,057 [WARN] PackLoader:242 - Cannot read IP mode file for STMicroelectronics.X-CUBE-AZRTOS-L4.1.0.0
2022-09-28 16:31:55,092 [WARN] PackLoader:242 - Cannot read IP mode file for STMicroelectronics.X-CUBE-AZRTOS-WL.1.0.0
2022-09-28 16:31:55,111 [WARN] PackLoader:242 - Cannot read IP mode file for STMicroelectronics.X-CUBE-ALS.1.0.1
2022-09-28 16:31:55,141 [WARN] PackLoader:242 - Cannot read IP mode file for STMicroelectronics.X-CUBE-AZRTOS-L5.1.0.0
2022-09-28 16:31:55,156 [WARN] PackLoader:242 - Cannot read IP mode file for STMicroelectronics.X-CUBE-EEPRMA1.3.1.1
2022-09-28 16:31:55,158 [INFO] ThirdParty:929 - Integrity check success = true
2022-09-28 16:31:55,158 [INFO] IntegrityCheckThread:98 - exiting critical section [integrity check]
2022-09-28 16:31:55,158 [INFO] IntegrityCheckThread:101 - End integrity checks thread
2022-09-28 16:31:56,376 [INFO] ServerAccessManage:474 - Download File crdb.zip
2022-09-28 16:31:58,124 [INFO] FileExtend:239 - Unzip File : crdb.zip
2022-09-28 16:31:58,125 [INFO] FileExtend:254 - Standard Zip Deflate
2022-09-28 16:31:58,253 [INFO] LoadUrlFilesThread:150 - End of LoadUrlFiles Thread
2022-09-28 16:31:58,300 [INFO] ServerAccessManage:474 - Download File tutoVideoDB.zip
2022-09-28 16:31:58,311 [INFO] FileExtend:239 - Unzip File : tutoVideoDB.zip
2022-09-28 16:31:58,312 [INFO] FileExtend:254 - Standard Zip Deflate
2022-09-28 16:31:58,435 [INFO] LoadUrlFilesThread:150 - End of LoadUrlFiles Thread
2022-09-28 16:31:58,444 [INFO] JxBrowserEngine:106 - Initiate JxBrowser Engine with user profile folder
2022-09-28 16:31:58,665 [ERROR] JxBrowserEngine:59 - Can't initiate JxBrowser engine com.teamdev.jxbrowser.engine.ChromiumBinariesExtractionException: Failed to extract Chromium binaries into C:\Users\Bao Quoc\.stm32cubemx\.jxbrowser\Chromium
2022-09-28 16:31:58,665 [WARN] DbFile:40 - Overriding database path with different value: C:\Users\Bao Quoc\.stmcufinder\plugins\mcufinder/ => C:\Users\Bao Quoc\.stmcufinder\plugins\mcufinder
2022-09-28 16:31:58,699 [INFO] ServerAccessManage:474 - Download File api_config.json
2022-09-28 16:31:58,807 [INFO] LoadUrlFilesThread:150 - End of LoadUrlFiles Thread
2022-09-28 16:31:58,809 [INFO] DbMcusAds:52 - JSON generation date=Thu Sep 30 13:55:09 ICT 2021 (1632984909247)
2022-09-28 16:31:58,843 [INFO] LoadUrlFilesThread:177 - End of LoadServerUrlFiles without Thread
2022-09-28 16:31:58,843 [INFO] TargetSelectorAdapter:228 - Refresh data is successful
2022-09-28 16:31:58,963 [INFO] ApiDb:576 - Connected to CubeFinder SQLite database (C:\Users\Bao Quoc\.stmcufinder\plugins\mcufinder\mcu\cube-finder-db.db)
2022-09-28 16:31:58,986 [INFO] ApiDb:663 - CubeFinder database Data Model version=2.1
2022-09-28 16:31:58,987 [INFO] ApiDb:664 - CubeFinder database Configuration version=3.0.32
2022-09-28 16:31:58,988 [INFO] ApiDb:665 - CubeFinder database generation date=2022-08-05 (1659688109)
2022-09-28 16:31:58,988 [INFO] ApiDb:666 - CubeFinder database FW Pack versions=[STM32Cube_FW_C0_V1.0.0, STM32Cube_FW_F4_V1.27.1, STM32Cube_FW_F7_V1.17.0, STM32Cube_FW_G0_V1.6.1, STM32Cube_FW_G4_V1.5.0, STM32Cube_FW_H7_V1.10.0, STM32Cube_FW_L5_V1.4.0, STM32Cube_FW_U5_V1.1.1, STM32Cube_FW_WB_V1.14.1, STM32Cube_FW_WL_V1.2.0, X-CUBE-ALGOBUILD_V1.3.0, X-CUBE-ALS_V1.0.1, X-CUBE-AZRTOS-F4_V1.1.0, X-CUBE-AZRTOS-F7_V1.1.0, X-CUBE-AZRTOS-G0_V1.1.0, X-CUBE-AZRTOS-G4_V1.0.0, X-CUBE-AZRTOS-H7_V2.1.0, X-CUBE-AZRTOS-L4_V1.0.0, X-CUBE-AZRTOS-L5_V1.0.0, X-CUBE-AZRTOS-WL_V1.0.0, X-CUBE-BLE1_V6.2.3, X-CUBE-BLE2_V3.3.0, X-CUBE-EEPRMA1_V3.1.1, X-CUBE-GNSS1_V6.0.0, X-CUBE-MEMS1_V9.1.0, X-CUBE-MEMS1_V9.3.0, X-CUBE-NFC4_V2.0.4, X-CUBE-NFC7_V1.0.0, X-CUBE-SFXS2LP1_V4.0.0, X-CUBE-SUBG2_V5.0.0]
2022-09-28 16:32:00,466 [INFO] ApiDb:239 - Found 138 in-development CPN: [B-WB1M-WPAN1, NUCLEO-C031C6, STEVAL-STWINBX1, STM320518-EVAL, STM32C0116-DK, STM32C011D6Y3TR, STM32C011D6Y6TR, STM32C011F4P3, STM32C011F4P6, STM32C011F4U3, STM32C011F4U6TR, STM32C011F6P3, STM32C011F6P6, STM32C011F6U3, STM32C011F6U6TR, STM32C011J4M3, STM32C011J4M6, STM32C011J6M3, STM32C011J6M6, STM32C0316-DK, STM32C031C4T3, STM32C031C4T6, STM32C031C4U3, STM32C031C4U6, STM32C031C6T3, STM32C031C6T6, STM32C031C6U3, STM32C031C6U6, STM32C031F4P3, STM32C031F4P6, STM32C031F6P3, STM32C031F6P6, STM32C031G4U3, STM32C031G4U6, STM32C031G6U3, STM32C031G6U6, STM32C031K4T3, STM32C031K4T6, STM32C031K4U3, STM32C031K4U6, STM32C031K6T3, STM32C031K6T6, STM32C031K6U3, STM32C031K6U6, STM32G071K8TXN, STM32G071K8UXN, STM32G081GBU6N, STM32G081KBT6N, STM32G081KBUXN, STM32G0B1CCT6N, STM32G0B1KCT6, STM32G0B1NEY6TR, STM32G0B1RCT6N, STM32G0C1CCT6, STM32G0C1CCT6N, STM32G0C1CCU6N, STM32G0C1CET6N, STM32G0C1CEU6N, STM32G0C1KCT6, STM32G0C1NEY6TR, STM32G0C1RCI6N, STM32G0C1RCT6N, STM32G0C1REI6N, STM32G0C1RET6N, STM32G0C1VCI6, STM32G0C1VEI6, STM32G471CCT6, STM32G471CCU6, STM32G471CET3, STM32G471CET6, STM32G471CEU3, STM32G471CEU6, STM32G471MCT6, STM32G471MET3, STM32G471MET6, STM32G471MEY6TR, STM32G471QCT6, STM32G471QET3, STM32G471RCT6, STM32G471RET3, STM32G471RET6, STM32G471VCH6, STM32G471VCI6, STM32G471VCT6, STM32G471VEH3, STM32G471VEH6, STM32G471VEI3, STM32G471VEI6, STM32G471VET3, STM32G471VET6, STM32G474CCT6, STM32L476VGY6PTR, STM32L4R5QGI6STR, STM32MP131AAE3, STM32MP131AAF3, STM32MP131AAG3, STM32MP131CAE3, STM32MP131CAF3, STM32MP131CAG3, STM32MP131DAE7, STM32MP131DAF7, STM32MP131DAG7, STM32MP131FAE7, STM32MP131FAF7, STM32MP131FAG7, STM32MP133AAE3, STM32MP133AAF3, STM32MP133AAG3, STM32MP133CAE3, STM32MP133CAF3, STM32MP133CAG3, STM32MP133DAE7, STM32MP133DAF7, STM32MP133DAG7, STM32MP133FAE7, STM32MP133FAF7, STM32MP133FAG7, STM32MP135AAE3, STM32MP135AAF3, STM32MP135AAG3, STM32MP135CAE3, STM32MP135CAF3, STM32MP135CAG3, STM32MP135DAE7, STM32MP135DAF7, STM32MP135DAG7, STM32MP135F-DK, STM32MP135FAE7, STM32MP135FAF7, STM32MP135FAG7, STM32U595ZJT6Q, STM32U599BJY6QTR, STM32U599NIH6Q, STM32U599NJH6Q, STM32U5A5ZJT6Q, STM32U5A9BJY6QTR, STM32U5A9NJH6Q, STM32WB1MMCH6]
2022-09-28 16:32:00,471 [INFO] DbMcus:215 - Found 3542 MCUs, 3542 are supported
2022-09-28 16:32:00,477 [INFO] ApiDb:418 - Load user favorites file C:\Users\Bao Quoc/.stm32cubeide/favorites.mcus.txt: 1 item(s)
2022-09-28 16:32:00,477 [INFO] ApiDb:422 - User favorites MCUs=[STM32F103C6T6A]
2022-09-28 16:32:00,478 [INFO] DbMcus:221 - Set 1 / 1 favorites MCUs
2022-09-28 16:32:00,481 [INFO] ApiDb:663 - CubeFinder database Data Model version=2.1
2022-09-28 16:32:00,481 [INFO] ApiDb:664 - CubeFinder database Configuration version=3.0.32
2022-09-28 16:32:00,481 [INFO] ApiDb:665 - CubeFinder database generation date=2022-08-05 (1659688109)
2022-09-28 16:32:00,481 [INFO] ApiDb:666 - CubeFinder database FW Pack versions=[STM32Cube_FW_C0_V1.0.0, STM32Cube_FW_F4_V1.27.1, STM32Cube_FW_F7_V1.17.0, STM32Cube_FW_G0_V1.6.1, STM32Cube_FW_G4_V1.5.0, STM32Cube_FW_H7_V1.10.0, STM32Cube_FW_L5_V1.4.0, STM32Cube_FW_U5_V1.1.1, STM32Cube_FW_WB_V1.14.1, STM32Cube_FW_WL_V1.2.0, X-CUBE-ALGOBUILD_V1.3.0, X-CUBE-ALS_V1.0.1, X-CUBE-AZRTOS-F4_V1.1.0, X-CUBE-AZRTOS-F7_V1.1.0, X-CUBE-AZRTOS-G0_V1.1.0, X-CUBE-AZRTOS-G4_V1.0.0, X-CUBE-AZRTOS-H7_V2.1.0, X-CUBE-AZRTOS-L4_V1.0.0, X-CUBE-AZRTOS-L5_V1.0.0, X-CUBE-AZRTOS-WL_V1.0.0, X-CUBE-BLE1_V6.2.3, X-CUBE-BLE2_V3.3.0, X-CUBE-EEPRMA1_V3.1.1, X-CUBE-GNSS1_V6.0.0, X-CUBE-MEMS1_V9.1.0, X-CUBE-MEMS1_V9.3.0, X-CUBE-NFC4_V2.0.4, X-CUBE-NFC7_V1.0.0, X-CUBE-SFXS2LP1_V4.0.0, X-CUBE-SUBG2_V5.0.0]
2022-09-28 16:32:00,527 [INFO] DbBoardsSqlite:227 - include board P-NUCLEO-WB55-NUCLEO as a kit item of type 'Nucleo-64'
2022-09-28 16:32:00,528 [INFO] DbBoardsSqlite:227 - include board P-NUCLEO-WB55-USBDONGLE as a kit item of type 'Nucleo USB Dongle'
2022-09-28 16:32:00,528 [INFO] DbBoardsSqlite:227 - include board STEVAL-IDP005V1 as a kit item of type 'Evaluation Board'
2022-09-28 16:32:00,528 [INFO] DbBoardsSqlite:227 - include board STEVAL-IDP005V2 as a kit item of type 'Evaluation Board'
2022-09-28 16:32:00,535 [INFO] ApiDb:239 - Found 138 in-development CPN: [B-WB1M-WPAN1, NUCLEO-C031C6, STEVAL-STWINBX1, STM320518-EVAL, STM32C0116-DK, STM32C011D6Y3TR, STM32C011D6Y6TR, STM32C011F4P3, STM32C011F4P6, STM32C011F4U3, STM32C011F4U6TR, STM32C011F6P3, STM32C011F6P6, STM32C011F6U3, STM32C011F6U6TR, STM32C011J4M3, STM32C011J4M6, STM32C011J6M3, STM32C011J6M6, STM32C0316-DK, STM32C031C4T3, STM32C031C4T6, STM32C031C4U3, STM32C031C4U6, STM32C031C6T3, STM32C031C6T6, STM32C031C6U3, STM32C031C6U6, STM32C031F4P3, STM32C031F4P6, STM32C031F6P3, STM32C031F6P6, STM32C031G4U3, STM32C031G4U6, STM32C031G6U3, STM32C031G6U6, STM32C031K4T3, STM32C031K4T6, STM32C031K4U3, STM32C031K4U6, STM32C031K6T3, STM32C031K6T6, STM32C031K6U3, STM32C031K6U6, STM32G071K8TXN, STM32G071K8UXN, STM32G081GBU6N, STM32G081KBT6N, STM32G081KBUXN, STM32G0B1CCT6N, STM32G0B1KCT6, STM32G0B1NEY6TR, STM32G0B1RCT6N, STM32G0C1CCT6, STM32G0C1CCT6N, STM32G0C1CCU6N, STM32G0C1CET6N, STM32G0C1CEU6N, STM32G0C1KCT6, STM32G0C1NEY6TR, STM32G0C1RCI6N, STM32G0C1RCT6N, STM32G0C1REI6N, STM32G0C1RET6N, STM32G0C1VCI6, STM32G0C1VEI6, STM32G471CCT6, STM32G471CCU6, STM32G471CET3, STM32G471CET6, STM32G471CEU3, STM32G471CEU6, STM32G471MCT6, STM32G471MET3, STM32G471MET6, STM32G471MEY6TR, STM32G471QCT6, STM32G471QET3, STM32G471RCT6, STM32G471RET3, STM32G471RET6, STM32G471VCH6, STM32G471VCI6, STM32G471VCT6, STM32G471VEH3, STM32G471VEH6, STM32G471VEI3, STM32G471VEI6, STM32G471VET3, STM32G471VET6, STM32G474CCT6, STM32L476VGY6PTR, STM32L4R5QGI6STR, STM32MP131AAE3, STM32MP131AAF3, STM32MP131AAG3, STM32MP131CAE3, STM32MP131CAF3, STM32MP131CAG3, STM32MP131DAE7, STM32MP131DAF7, STM32MP131DAG7, STM32MP131FAE7, STM32MP131FAF7, STM32MP131FAG7, STM32MP133AAE3, STM32MP133AAF3, STM32MP133AAG3, STM32MP133CAE3, STM32MP133CAF3, STM32MP133CAG3, STM32MP133DAE7, STM32MP133DAF7, STM32MP133DAG7, STM32MP133FAE7, STM32MP133FAF7, STM32MP133FAG7, STM32MP135AAE3, STM32MP135AAF3, STM32MP135AAG3, STM32MP135CAE3, STM32MP135CAF3, STM32MP135CAG3, STM32MP135DAE7, STM32MP135DAF7, STM32MP135DAG7, STM32MP135F-DK, STM32MP135FAE7, STM32MP135FAF7, STM32MP135FAG7, STM32U595ZJT6Q, STM32U599BJY6QTR, STM32U599NIH6Q, STM32U599NJH6Q, STM32U5A5ZJT6Q, STM32U5A9BJY6QTR, STM32U5A9NJH6Q, STM32WB1MMCH6]
2022-09-28 16:32:00,670 [INFO] BoardInfo:879 - No configuration file found for board P-NUCLEO-WB55
2022-09-28 16:32:00,671 [INFO] DbBoards:156 - Kit is not supported: P-NUCLEO-WB55
2022-09-28 16:32:00,675 [INFO] BoardInfo:879 - No configuration file found for board STEVAL-BFA001V1B
2022-09-28 16:32:00,675 [INFO] DbBoards:156 - Kit is not supported: STEVAL-BFA001V1B
2022-09-28 16:32:00,676 [INFO] BoardInfo:879 - No configuration file found for board STEVAL-BFA001V2B
2022-09-28 16:32:00,676 [INFO] DbBoards:156 - Kit is not supported: STEVAL-BFA001V2B
2022-09-28 16:32:00,805 [INFO] DbBoards:160 - Found 176 boards, 173 are supported
2022-09-28 16:32:00,811 [INFO] ApiDb:418 - Load user favorites file C:\Users\Bao Quoc/.stm32cubeide/favorites.boards.txt: 0 item(s)
2022-09-28 16:32:00,811 [INFO] ApiDb:422 - User favorites Boards=[]
2022-09-28 16:32:00,811 [INFO] DbBoards:189 - Set 0 / 0 favorites Boards
2022-09-28 16:32:00,813 [INFO] ApiDb:663 - CubeFinder database Data Model version=2.1
2022-09-28 16:32:00,813 [INFO] ApiDb:664 - CubeFinder database Configuration version=3.0.32
2022-09-28 16:32:00,813 [INFO] ApiDb:665 - CubeFinder database generation date=2022-08-05 (1659688109)
2022-09-28 16:32:00,813 [INFO] ApiDb:666 - CubeFinder database FW Pack versions=[STM32Cube_FW_C0_V1.0.0, STM32Cube_FW_F4_V1.27.1, STM32Cube_FW_F7_V1.17.0, STM32Cube_FW_G0_V1.6.1, STM32Cube_FW_G4_V1.5.0, STM32Cube_FW_H7_V1.10.0, STM32Cube_FW_L5_V1.4.0, STM32Cube_FW_U5_V1.1.1, STM32Cube_FW_WB_V1.14.1, STM32Cube_FW_WL_V1.2.0, X-CUBE-ALGOBUILD_V1.3.0, X-CUBE-ALS_V1.0.1, X-CUBE-AZRTOS-F4_V1.1.0, X-CUBE-AZRTOS-F7_V1.1.0, X-CUBE-AZRTOS-G0_V1.1.0, X-CUBE-AZRTOS-G4_V1.0.0, X-CUBE-AZRTOS-H7_V2.1.0, X-CUBE-AZRTOS-L4_V1.0.0, X-CUBE-AZRTOS-L5_V1.0.0, X-CUBE-AZRTOS-WL_V1.0.0, X-CUBE-BLE1_V6.2.3, X-CUBE-BLE2_V3.3.0, X-CUBE-EEPRMA1_V3.1.1, X-CUBE-GNSS1_V6.0.0, X-CUBE-MEMS1_V9.1.0, X-CUBE-MEMS1_V9.3.0, X-CUBE-NFC4_V2.0.4, X-CUBE-NFC7_V1.0.0, X-CUBE-SFXS2LP1_V4.0.0, X-CUBE-SUBG2_V5.0.0]
2022-09-28 16:32:01,461 [INFO] DbExamplesSqlite:374 - Ignored 31 examples not supported by CubeIDE
2022-09-28 16:32:01,461 [INFO] DbExamplesSqlite:375 - Found 6197 examples active
2022-09-28 16:32:01,461 [INFO] DbExamplesSqlite:376 - Found 89 examples obsolete
2022-09-28 16:32:01,461 [INFO] DbExamplesSqlite:377 - Found 0 examples under development
2022-09-28 16:32:01,461 [INFO] DbExamplesSqlite:378 - Found 76 examples not building
2022-09-28 16:32:01,463 [INFO] DbExamples:124 - Found 6242 examples
2022-09-28 16:32:01,477 [INFO] DbExamples:221 - Found 77 boards with related examples
2022-09-28 16:32:01,478 [INFO] DbExamples:234 - Found 64 MCUs with related examples
2022-09-28 16:32:01,499 [INFO] ApiDb:418 - Load user favorites file C:\Users\Bao Quoc/.stm32cubeide/favorites.examples.txt: 0 item(s)
2022-09-28 16:32:01,499 [INFO] ApiDb:422 - User favorites Examples=[]
2022-09-28 16:32:01,500 [INFO] DbExamples:249 - Set 0 / 0 favorites Examples
2022-09-28 16:32:01,825 [INFO] McuFinderGlobals:57 - Set McuFinderConnectedMode to true
2022-09-28 16:32:01,846 [INFO] MultiScanPanel:195 - Auto-refresh data requested => check proxy status ongoing
2022-09-28 16:32:01,851 [INFO] FinderPluginLoader:92 - Searching for filters in installed packs
2022-09-28 16:32:03,218 [INFO] LoadUrlFilesThread:177 - End of LoadServerUrlFiles without Thread
2022-09-28 16:32:03,232 [INFO] DetailPanel:339 - Set advertising image to C:/Users/Bao Quoc/STM32Cube/Repository/\en.Prom_NBSTM32U50921.jpg
2022-09-28 16:32:36,258 [INFO] McuFinderGlobals:57 - Set McuFinderConnectedMode to true
2022-09-28 16:32:36,262 [INFO] ApiDb:443 - Save user favorites file C:\Users\Bao Quoc/.stm32cubeide/favorites.mcus.txt: 1 item(s)
2022-09-28 16:32:36,263 [INFO] ApiDb:447 - User favorites MCUs=[STM32F103C6T6A]
2022-09-28 16:32:39,706 [ERROR] LogOutputStream:74 - [STDERR_REDIRECT] 
